rm -f *.o test
g++  -c -o codeGenUtils.o codeGenUtils.cc -std=c++11 -I "/home/j/jk/jk421/googletest-release-1.8.0/googletest" -isystem "/home/j/jk/jk421/googletest-release-1.8.0/googletest/include" -I "/home/j/jk/jk421/genn/lib/include" -I "/home/j/jk/jk421/genn/userproject/include" -DCPU_ONLY
g++ -o test codeGenUtils.o /home/j/jk/jk421/googletest-release-1.8.0/googletest/src/gtest-all.o /home/j/jk/jk421/googletest-release-1.8.0/googletest/src/gtest_main.o /home/j/jk/jk421/genn/lib/src/codeGenUtils.o -std=c++11 -I "/home/j/jk/jk421/googletest-release-1.8.0/googletest" -isystem "/home/j/jk/jk421/googletest-release-1.8.0/googletest/include" -I "/home/j/jk/jk421/genn/lib/include" -I "/home/j/jk/jk421/genn/userproject/include" -DCPU_ONLY -lpthread
rm -f *.o test
g++  -c -o codeGenUtils.o codeGenUtils.cc -std=c++11 -I "/home/j/jk/jk421/googletest-release-1.8.0/googletest" -isystem "/home/j/jk/jk421/googletest-release-1.8.0/googletest/include" -I "/home/j/jk/jk421/genn/lib/include" -I "/home/j/jk/jk421/genn/userproject/include" -DCPU_ONLY
g++  -c -o /home/j/jk/jk421/genn/lib/src/codeGenUtils.o /home/j/jk/jk421/genn/lib/src/codeGenUtils.cc -std=c++11 -I "/home/j/jk/jk421/googletest-release-1.8.0/googletest" -isystem "/home/j/jk/jk421/googletest-release-1.8.0/googletest/include" -I "/home/j/jk/jk421/genn/lib/include" -I "/home/j/jk/jk421/genn/userproject/include" -DCPU_ONLY
g++ -o test codeGenUtils.o /home/j/jk/jk421/googletest-release-1.8.0/googletest/src/gtest-all.o /home/j/jk/jk421/googletest-release-1.8.0/googletest/src/gtest_main.o /home/j/jk/jk421/genn/lib/src/codeGenUtils.o -std=c++11 -I "/home/j/jk/jk421/googletest-release-1.8.0/googletest" -isystem "/home/j/jk/jk421/googletest-release-1.8.0/googletest/include" -I "/home/j/jk/jk421/genn/lib/include" -I "/home/j/jk/jk421/genn/userproject/include" -DCPU_ONLY -lpthread
rm -f *.o test
g++  -c -o codeGenUtils.o codeGenUtils.cc -std=c++11 -I "/home/j/jk/jk421/googletest-release-1.8.0/googletest" -isystem "/home/j/jk/jk421/googletest-release-1.8.0/googletest/include" -I "/home/j/jk/jk421/genn/lib/include" -I "/home/j/jk/jk421/genn/userproject/include" -DCPU_ONLY
g++  -c -o /home/j/jk/jk421/genn/lib/src/codeGenUtils.o /home/j/jk/jk421/genn/lib/src/codeGenUtils.cc -std=c++11 -I "/home/j/jk/jk421/googletest-release-1.8.0/googletest" -isystem "/home/j/jk/jk421/googletest-release-1.8.0/googletest/include" -I "/home/j/jk/jk421/genn/lib/include" -I "/home/j/jk/jk421/genn/userproject/include" -DCPU_ONLY
g++ -o test codeGenUtils.o /home/j/jk/jk421/googletest-release-1.8.0/googletest/src/gtest-all.o /home/j/jk/jk421/googletest-release-1.8.0/googletest/src/gtest_main.o /home/j/jk/jk421/genn/lib/src/codeGenUtils.o -std=c++11 -I "/home/j/jk/jk421/googletest-release-1.8.0/googletest" -isystem "/home/j/jk/jk421/googletest-release-1.8.0/googletest/include" -I "/home/j/jk/jk421/genn/lib/include" -I "/home/j/jk/jk421/genn/userproject/include" -DCPU_ONLY -lpthread
rm -f *.o test
g++  -c -o codeGenUtils.o codeGenUtils.cc -std=c++11 -I "/home/j/jk/jk421/googletest-release-1.8.0/googletest" -isystem "/home/j/jk/jk421/googletest-release-1.8.0/googletest/include" -I "/home/j/jk/jk421/genn/lib/include" -I "/home/j/jk/jk421/genn/userproject/include" -DCPU_ONLY
g++ -o test codeGenUtils.o /home/j/jk/jk421/googletest-release-1.8.0/googletest/src/gtest-all.o /home/j/jk/jk421/googletest-release-1.8.0/googletest/src/gtest_main.o /home/j/jk/jk421/genn/lib/src/codeGenUtils.o -std=c++11 -I "/home/j/jk/jk421/googletest-release-1.8.0/googletest" -isystem "/home/j/jk/jk421/googletest-release-1.8.0/googletest/include" -I "/home/j/jk/jk421/genn/lib/include" -I "/home/j/jk/jk421/genn/userproject/include" -DCPU_ONLY -lpthread
rm -f *.o test
g++  -c -o codeGenUtils.o codeGenUtils.cc -std=c++11 -I "/home/j/jk/jk421/googletest-release-1.8.0/googletest" -isystem "/home/j/jk/jk421/googletest-release-1.8.0/googletest/include" -I "/home/j/jk/jk421/genn/lib/include" -I "/home/j/jk/jk421/genn/userproject/include" -DCPU_ONLY
g++  -c -o /home/j/jk/jk421/genn/lib/src/codeGenUtils.o /home/j/jk/jk421/genn/lib/src/codeGenUtils.cc -std=c++11 -I "/home/j/jk/jk421/googletest-release-1.8.0/googletest" -isystem "/home/j/jk/jk421/googletest-release-1.8.0/googletest/include" -I "/home/j/jk/jk421/genn/lib/include" -I "/home/j/jk/jk421/genn/userproject/include" -DCPU_ONLY
g++ -o test codeGenUtils.o /home/j/jk/jk421/googletest-release-1.8.0/googletest/src/gtest-all.o /home/j/jk/jk421/googletest-release-1.8.0/googletest/src/gtest_main.o /home/j/jk/jk421/genn/lib/src/codeGenUtils.o -std=c++11 -I "/home/j/jk/jk421/googletest-release-1.8.0/googletest" -isystem "/home/j/jk/jk421/googletest-release-1.8.0/googletest/include" -I "/home/j/jk/jk421/genn/lib/include" -I "/home/j/jk/jk421/genn/userproject/include" -DCPU_ONLY -lpthread
/home/j/jk/jk421/genn/lib/src/codeGenUtils.o: In function `checkUnreplacedVariables(std::__cxx11::basic_string<char, std::char_traits<char>, std::allocator<char> > const&, std::__cxx11::basic_string<char, std::char_traits<char>, std::allocator<char> > const&)':
codeGenUtils.cc:(.text+0x11fb): undefined reference to `gennError(std::__cxx11::basic_string<char, std::char_traits<char>, std::allocator<char> > const&)'
collect2: error: ld returned 1 exit status
Makefile:14: recipe for target 'test' failed
make: *** [test] Error 1
rm -f *.o test
g++  -c -o codeGenUtils.o codeGenUtils.cc -std=c++11 -I "/home/j/jk/jk421/googletest-release-1.8.0/googletest" -isystem "/home/j/jk/jk421/googletest-release-1.8.0/googletest/include" -I "/home/j/jk/jk421/genn/lib/include" -I "/home/j/jk/jk421/genn/userproject/include" -DCPU_ONLY
g++  -c -o /home/j/jk/jk421/genn/lib/src/codeGenUtils.o /home/j/jk/jk421/genn/lib/src/codeGenUtils.cc -std=c++11 -I "/home/j/jk/jk421/googletest-release-1.8.0/googletest" -isystem "/home/j/jk/jk421/googletest-release-1.8.0/googletest/include" -I "/home/j/jk/jk421/genn/lib/include" -I "/home/j/jk/jk421/genn/userproject/include" -DCPU_ONLY
g++ -o test codeGenUtils.o /home/j/jk/jk421/googletest-release-1.8.0/googletest/src/gtest-all.o /home/j/jk/jk421/googletest-release-1.8.0/googletest/src/gtest_main.o /home/j/jk/jk421/genn/lib/src/codeGenUtils.o -std=c++11 -I "/home/j/jk/jk421/googletest-release-1.8.0/googletest" -isystem "/home/j/jk/jk421/googletest-release-1.8.0/googletest/include" -I "/home/j/jk/jk421/genn/lib/include" -I "/home/j/jk/jk421/genn/userproject/include" -DCPU_ONLY -lpthread
rm -f *.o test
g++  -c -o codeGenUtils.o codeGenUtils.cc -std=c++11 -I "/home/j/jk/jk421/googletest-release-1.8.0/googletest" -isystem "/home/j/jk/jk421/googletest-release-1.8.0/googletest/include" -I "/home/j/jk/jk421/genn/lib/include" -I "/home/j/jk/jk421/genn/userproject/include" -DCPU_ONLY
g++  -c -o /home/j/jk/jk421/genn/lib/src/codeGenUtils.o /home/j/jk/jk421/genn/lib/src/codeGenUtils.cc -std=c++11 -I "/home/j/jk/jk421/googletest-release-1.8.0/googletest" -isystem "/home/j/jk/jk421/googletest-release-1.8.0/googletest/include" -I "/home/j/jk/jk421/genn/lib/include" -I "/home/j/jk/jk421/genn/userproject/include" -DCPU_ONLY
g++ -o test codeGenUtils.o /home/j/jk/jk421/googletest-release-1.8.0/googletest/src/gtest-all.o /home/j/jk/jk421/googletest-release-1.8.0/googletest/src/gtest_main.o /home/j/jk/jk421/genn/lib/src/codeGenUtils.o -std=c++11 -I "/home/j/jk/jk421/googletest-release-1.8.0/googletest" -isystem "/home/j/jk/jk421/googletest-release-1.8.0/googletest/include" -I "/home/j/jk/jk421/genn/lib/include" -I "/home/j/jk/jk421/genn/userproject/include" -DCPU_ONLY -lpthread
/home/j/jk/jk421/genn/lib/src/codeGenUtils.o: In function `checkUnreplacedVariables(std::__cxx11::basic_string<char, std::char_traits<char>, std::allocator<char> > const&, std::__cxx11::basic_string<char, std::char_traits<char>, std::allocator<char> > const&)':
codeGenUtils.cc:(.text+0x11fb): undefined reference to `gennError(std::__cxx11::basic_string<char, std::char_traits<char>, std::allocator<char> > const&)'
collect2: error: ld returned 1 exit status
Makefile:14: recipe for target 'test' failed
make: *** [test] Error 1
rm -f *.o test
g++  -c -o codeGenUtils.o codeGenUtils.cc -std=c++11 -I "/home/j/jk/jk421/googletest-release-1.8.0/googletest" -isystem "/home/j/jk/jk421/googletest-release-1.8.0/googletest/include" -I "/home/j/jk/jk421/genn/lib/include" -I "/home/j/jk/jk421/genn/userproject/include" -DCPU_ONLY
g++  -c -o /home/j/jk/jk421/genn/lib/src/codeGenUtils.o /home/j/jk/jk421/genn/lib/src/codeGenUtils.cc -std=c++11 -I "/home/j/jk/jk421/googletest-release-1.8.0/googletest" -isystem "/home/j/jk/jk421/googletest-release-1.8.0/googletest/include" -I "/home/j/jk/jk421/genn/lib/include" -I "/home/j/jk/jk421/genn/userproject/include" -DCPU_ONLY
g++ -o test codeGenUtils.o /home/j/jk/jk421/googletest-release-1.8.0/googletest/src/gtest-all.o /home/j/jk/jk421/googletest-release-1.8.0/googletest/src/gtest_main.o /home/j/jk/jk421/genn/lib/src/codeGenUtils.o -std=c++11 -I "/home/j/jk/jk421/googletest-release-1.8.0/googletest" -isystem "/home/j/jk/jk421/googletest-release-1.8.0/googletest/include" -I "/home/j/jk/jk421/genn/lib/include" -I "/home/j/jk/jk421/genn/userproject/include" -DCPU_ONLY -lpthread
/home/j/jk/jk421/genn/lib/src/codeGenUtils.o: In function `checkUnreplacedVariables(std::__cxx11::basic_string<char, std::char_traits<char>, std::allocator<char> > const&, std::__cxx11::basic_string<char, std::char_traits<char>, std::allocator<char> > const&)':
codeGenUtils.cc:(.text+0x11fb): undefined reference to `gennError(std::__cxx11::basic_string<char, std::char_traits<char>, std::allocator<char> > const&)'
collect2: error: ld returned 1 exit status
Makefile:14: recipe for target 'test' failed
make: *** [test] Error 1
rm -f *.o test
g++  -c -o codeGenUtils.o codeGenUtils.cc -std=c++11 -I "/home/j/jk/jk421/googletest-release-1.8.0/googletest" -isystem "/home/j/jk/jk421/googletest-release-1.8.0/googletest/include" -I "/home/j/jk/jk421/genn/lib/include" -I "/home/j/jk/jk421/genn/userproject/include" -DCPU_ONLY
g++  -c -o /home/j/jk/jk421/genn/lib/src/codeGenUtils.o /home/j/jk/jk421/genn/lib/src/codeGenUtils.cc -std=c++11 -I "/home/j/jk/jk421/googletest-release-1.8.0/googletest" -isystem "/home/j/jk/jk421/googletest-release-1.8.0/googletest/include" -I "/home/j/jk/jk421/genn/lib/include" -I "/home/j/jk/jk421/genn/userproject/include" -DCPU_ONLY
g++ -o test codeGenUtils.o /home/j/jk/jk421/googletest-release-1.8.0/googletest/src/gtest-all.o /home/j/jk/jk421/googletest-release-1.8.0/googletest/src/gtest_main.o /home/j/jk/jk421/genn/lib/src/codeGenUtils.o -std=c++11 -I "/home/j/jk/jk421/googletest-release-1.8.0/googletest" -isystem "/home/j/jk/jk421/googletest-release-1.8.0/googletest/include" -I "/home/j/jk/jk421/genn/lib/include" -I "/home/j/jk/jk421/genn/userproject/include" -DCPU_ONLY -lpthread
/home/j/jk/jk421/genn/lib/src/codeGenUtils.o: In function `checkUnreplacedVariables(std::__cxx11::basic_string<char, std::char_traits<char>, std::allocator<char> > const&, std::__cxx11::basic_string<char, std::char_traits<char>, std::allocator<char> > const&)':
codeGenUtils.cc:(.text+0x11fb): undefined reference to `gennError(std::__cxx11::basic_string<char, std::char_traits<char>, std::allocator<char> > const&)'
/home/j/jk/jk421/genn/lib/src/codeGenUtils.o: In function `neuron_substitutions_in_synaptic_code(std::__cxx11::basic_string<char, std::char_traits<char>, std::allocator<char> >&, SynapseGroup const*, std::__cxx11::basic_string<char, std::char_traits<char>, std::allocator<char> > const&, std::__cxx11::basic_string<char, std::char_traits<char>, std::allocator<char> > const&, std::__cxx11::basic_string<char, std::char_traits<char>, std::allocator<char> > const&)':
codeGenUtils.cc:(.text+0x1524): undefined reference to `SynapseGroup::getOffsetPre[abi:cxx11]() const'
codeGenUtils.cc:(.text+0x1763): undefined reference to `NeuronGroup::isVarQueueRequired(std::__cxx11::basic_string<char, std::char_traits<char>, std::allocator<char> > const&) const'
codeGenUtils.cc:(.text+0x1784): undefined reference to `SynapseGroup::getOffsetPre[abi:cxx11]() const'
codeGenUtils.cc:(.text+0x1d5d): undefined reference to `SynapseGroup::getOffsetPost(std::__cxx11::basic_string<char, std::char_traits<char>, std::allocator<char> > const&) const'
codeGenUtils.cc:(.text+0x1fb7): undefined reference to `NeuronGroup::isVarQueueRequired(std::__cxx11::basic_string<char, std::char_traits<char>, std::allocator<char> > const&) const'
codeGenUtils.cc:(.text+0x1fdf): undefined reference to `SynapseGroup::getOffsetPost(std::__cxx11::basic_string<char, std::char_traits<char>, std::allocator<char> > const&) const'
collect2: error: ld returned 1 exit status
Makefile:14: recipe for target 'test' failed
make: *** [test] Error 1
rm -f *.o test
g++  -c -o codeGenUtils.o codeGenUtils.cc -std=c++11 -I "/home/j/jk/jk421/googletest-release-1.8.0/googletest" -isystem "/home/j/jk/jk421/googletest-release-1.8.0/googletest/include" -I "/home/j/jk/jk421/genn/lib/include" -I "/home/j/jk/jk421/genn/userproject/include" -DCPU_ONLY
g++  -c -o /home/j/jk/jk421/genn/lib/src/codeGenUtils.o /home/j/jk/jk421/genn/lib/src/codeGenUtils.cc -std=c++11 -I "/home/j/jk/jk421/googletest-release-1.8.0/googletest" -isystem "/home/j/jk/jk421/googletest-release-1.8.0/googletest/include" -I "/home/j/jk/jk421/genn/lib/include" -I "/home/j/jk/jk421/genn/userproject/include" -DCPU_ONLY
g++ -o test codeGenUtils.o /home/j/jk/jk421/googletest-release-1.8.0/googletest/src/gtest-all.o /home/j/jk/jk421/googletest-release-1.8.0/googletest/src/gtest_main.o /home/j/jk/jk421/genn/lib/src/codeGenUtils.o -std=c++11 -I "/home/j/jk/jk421/googletest-release-1.8.0/googletest" -isystem "/home/j/jk/jk421/googletest-release-1.8.0/googletest/include" -I "/home/j/jk/jk421/genn/lib/include" -I "/home/j/jk/jk421/genn/userproject/include" -DCPU_ONLY -lpthread
/home/j/jk/jk421/genn/lib/src/codeGenUtils.o: In function `checkUnreplacedVariables(std::__cxx11::basic_string<char, std::char_traits<char>, std::allocator<char> > const&, std::__cxx11::basic_string<char, std::char_traits<char>, std::allocator<char> > const&)':
codeGenUtils.cc:(.text+0x11fb): undefined reference to `gennError(std::__cxx11::basic_string<char, std::char_traits<char>, std::allocator<char> > const&)'
/home/j/jk/jk421/genn/lib/src/codeGenUtils.o: In function `neuron_substitutions_in_synaptic_code(std::__cxx11::basic_string<char, std::char_traits<char>, std::allocator<char> >&, SynapseGroup const*, std::__cxx11::basic_string<char, std::char_traits<char>, std::allocator<char> > const&, std::__cxx11::basic_string<char, std::char_traits<char>, std::allocator<char> > const&, std::__cxx11::basic_string<char, std::char_traits<char>, std::allocator<char> > const&)':
codeGenUtils.cc:(.text+0x1524): undefined reference to `SynapseGroup::getOffsetPre[abi:cxx11]() const'
codeGenUtils.cc:(.text+0x1763): undefined reference to `NeuronGroup::isVarQueueRequired(std::__cxx11::basic_string<char, std::char_traits<char>, std::allocator<char> > const&) const'
codeGenUtils.cc:(.text+0x1784): undefined reference to `SynapseGroup::getOffsetPre[abi:cxx11]() const'
codeGenUtils.cc:(.text+0x1d5d): undefined reference to `SynapseGroup::getOffsetPost(std::__cxx11::basic_string<char, std::char_traits<char>, std::allocator<char> > const&) const'
codeGenUtils.cc:(.text+0x1fb7): undefined reference to `NeuronGroup::isVarQueueRequired(std::__cxx11::basic_string<char, std::char_traits<char>, std::allocator<char> > const&) const'
codeGenUtils.cc:(.text+0x1fdf): undefined reference to `SynapseGroup::getOffsetPost(std::__cxx11::basic_string<char, std::char_traits<char>, std::allocator<char> > const&) const'
collect2: error: ld returned 1 exit status
Makefile:14: recipe for target 'test' failed
make: *** [test] Error 1
rm -f *.o test
g++  -c -o codeGenUtils.o codeGenUtils.cc -std=c++11 -I "/home/j/jk/jk421/googletest-release-1.8.0/googletest" -isystem "/home/j/jk/jk421/googletest-release-1.8.0/googletest/include" -I "/home/j/jk/jk421/genn/lib/include" -I "/home/j/jk/jk421/genn/userproject/include" -DCPU_ONLY
g++  -c -o /home/j/jk/jk421/genn/lib/src/codeGenUtils.o /home/j/jk/jk421/genn/lib/src/codeGenUtils.cc -std=c++11 -I "/home/j/jk/jk421/googletest-release-1.8.0/googletest" -isystem "/home/j/jk/jk421/googletest-release-1.8.0/googletest/include" -I "/home/j/jk/jk421/genn/lib/include" -I "/home/j/jk/jk421/genn/userproject/include" -DCPU_ONLY
g++ -o test codeGenUtils.o /home/j/jk/jk421/googletest-release-1.8.0/googletest/src/gtest-all.o /home/j/jk/jk421/googletest-release-1.8.0/googletest/src/gtest_main.o /home/j/jk/jk421/genn/lib/src/codeGenUtils.o -std=c++11 -I "/home/j/jk/jk421/googletest-release-1.8.0/googletest" -isystem "/home/j/jk/jk421/googletest-release-1.8.0/googletest/include" -I "/home/j/jk/jk421/genn/lib/include" -I "/home/j/jk/jk421/genn/userproject/include" -DCPU_ONLY -lpthread
rm -f *.o test
g++  -c -o codeGenUtils.o codeGenUtils.cc -std=c++11 -I "/home/j/jk/jk421/googletest-release-1.8.0/googletest" -isystem "/home/j/jk/jk421/googletest-release-1.8.0/googletest/include" -I "/home/j/jk/jk421/genn/lib/include" -I "/home/j/jk/jk421/genn/userproject/include" -DCPU_ONLY
g++ -o test codeGenUtils.o /home/j/jk/jk421/googletest-release-1.8.0/googletest/src/gtest-all.o /home/j/jk/jk421/googletest-release-1.8.0/googletest/src/gtest_main.o /home/j/jk/jk421/genn/lib/src/codeGenUtils.o -std=c++11 -I "/home/j/jk/jk421/googletest-release-1.8.0/googletest" -isystem "/home/j/jk/jk421/googletest-release-1.8.0/googletest/include" -I "/home/j/jk/jk421/genn/lib/include" -I "/home/j/jk/jk421/genn/userproject/include" -DCPU_ONLY -lpthread
rm -f *.o test
g++  -c -o codeGenUtils.o codeGenUtils.cc -std=c++11 -I "/home/j/jk/jk421/googletest-release-1.8.0/googletest" -isystem "/home/j/jk/jk421/googletest-release-1.8.0/googletest/include" -I "/home/j/jk/jk421/genn/lib/include" -I "/home/j/jk/jk421/genn/userproject/include" -DCPU_ONLY
g++  -c -o /home/j/jk/jk421/genn/lib/src/codeGenUtils.o /home/j/jk/jk421/genn/lib/src/codeGenUtils.cc -std=c++11 -I "/home/j/jk/jk421/googletest-release-1.8.0/googletest" -isystem "/home/j/jk/jk421/googletest-release-1.8.0/googletest/include" -I "/home/j/jk/jk421/genn/lib/include" -I "/home/j/jk/jk421/genn/userproject/include" -DCPU_ONLY
g++ -o test codeGenUtils.o /home/j/jk/jk421/googletest-release-1.8.0/googletest/src/gtest-all.o /home/j/jk/jk421/googletest-release-1.8.0/googletest/src/gtest_main.o /home/j/jk/jk421/genn/lib/src/codeGenUtils.o -std=c++11 -I "/home/j/jk/jk421/googletest-release-1.8.0/googletest" -isystem "/home/j/jk/jk421/googletest-release-1.8.0/googletest/include" -I "/home/j/jk/jk421/genn/lib/include" -I "/home/j/jk/jk421/genn/userproject/include" -DCPU_ONLY -lpthread
/home/j/jk/jk421/genn/lib/src/codeGenUtils.o: In function `checkUnreplacedVariables(std::__cxx11::basic_string<char, std::char_traits<char>, std::allocator<char> > const&, std::__cxx11::basic_string<char, std::char_traits<char>, std::allocator<char> > const&)':
codeGenUtils.cc:(.text+0x11fb): undefined reference to `gennError(std::__cxx11::basic_string<char, std::char_traits<char>, std::allocator<char> > const&)'
/home/j/jk/jk421/genn/lib/src/codeGenUtils.o: In function `neuron_substitutions_in_synaptic_code(std::__cxx11::basic_string<char, std::char_traits<char>, std::allocator<char> >&, SynapseGroup const*, std::__cxx11::basic_string<char, std::char_traits<char>, std::allocator<char> > const&, std::__cxx11::basic_string<char, std::char_traits<char>, std::allocator<char> > const&, std::__cxx11::basic_string<char, std::char_traits<char>, std::allocator<char> > const&)':
codeGenUtils.cc:(.text+0x1524): undefined reference to `SynapseGroup::getOffsetPre[abi:cxx11]() const'
codeGenUtils.cc:(.text+0x1763): undefined reference to `NeuronGroup::isVarQueueRequired(std::__cxx11::basic_string<char, std::char_traits<char>, std::allocator<char> > const&) const'
codeGenUtils.cc:(.text+0x1784): undefined reference to `SynapseGroup::getOffsetPre[abi:cxx11]() const'
codeGenUtils.cc:(.text+0x1d5d): undefined reference to `SynapseGroup::getOffsetPost(std::__cxx11::basic_string<char, std::char_traits<char>, std::allocator<char> > const&) const'
codeGenUtils.cc:(.text+0x1fb7): undefined reference to `NeuronGroup::isVarQueueRequired(std::__cxx11::basic_string<char, std::char_traits<char>, std::allocator<char> > const&) const'
codeGenUtils.cc:(.text+0x1fdf): undefined reference to `SynapseGroup::getOffsetPost(std::__cxx11::basic_string<char, std::char_traits<char>, std::allocator<char> > const&) const'
collect2: error: ld returned 1 exit status
Makefile:14: recipe for target 'test' failed
make: *** [test] Error 1
rm -f *.o test
g++  -c -o codeGenUtils.o codeGenUtils.cc -std=c++11 -I "/home/j/jk/jk421/googletest-release-1.8.0/googletest" -isystem "/home/j/jk/jk421/googletest-release-1.8.0/googletest/include" -I "/home/j/jk/jk421/genn/lib/include" -I "/home/j/jk/jk421/genn/userproject/include" -DCPU_ONLY
g++  -c -o /home/j/jk/jk421/genn/lib/src/codeGenUtils.o /home/j/jk/jk421/genn/lib/src/codeGenUtils.cc -std=c++11 -I "/home/j/jk/jk421/googletest-release-1.8.0/googletest" -isystem "/home/j/jk/jk421/googletest-release-1.8.0/googletest/include" -I "/home/j/jk/jk421/genn/lib/include" -I "/home/j/jk/jk421/genn/userproject/include" -DCPU_ONLY
g++ -o test codeGenUtils.o /home/j/jk/jk421/googletest-release-1.8.0/googletest/src/gtest-all.o /home/j/jk/jk421/googletest-release-1.8.0/googletest/src/gtest_main.o /home/j/jk/jk421/genn/lib/src/codeGenUtils.o -std=c++11 -I "/home/j/jk/jk421/googletest-release-1.8.0/googletest" -isystem "/home/j/jk/jk421/googletest-release-1.8.0/googletest/include" -I "/home/j/jk/jk421/genn/lib/include" -I "/home/j/jk/jk421/genn/userproject/include" -DCPU_ONLY -lpthread
/home/j/jk/jk421/genn/lib/src/codeGenUtils.o: In function `checkUnreplacedVariables(std::__cxx11::basic_string<char, std::char_traits<char>, std::allocator<char> > const&, std::__cxx11::basic_string<char, std::char_traits<char>, std::allocator<char> > const&)':
codeGenUtils.cc:(.text+0x11fb): undefined reference to `gennError(std::__cxx11::basic_string<char, std::char_traits<char>, std::allocator<char> > const&)'
/home/j/jk/jk421/genn/lib/src/codeGenUtils.o: In function `neuron_substitutions_in_synaptic_code(std::__cxx11::basic_string<char, std::char_traits<char>, std::allocator<char> >&, SynapseGroup const*, std::__cxx11::basic_string<char, std::char_traits<char>, std::allocator<char> > const&, std::__cxx11::basic_string<char, std::char_traits<char>, std::allocator<char> > const&, std::__cxx11::basic_string<char, std::char_traits<char>, std::allocator<char> > const&)':
codeGenUtils.cc:(.text+0x1524): undefined reference to `SynapseGroup::getOffsetPre[abi:cxx11]() const'
codeGenUtils.cc:(.text+0x1763): undefined reference to `NeuronGroup::isVarQueueRequired(std::__cxx11::basic_string<char, std::char_traits<char>, std::allocator<char> > const&) const'
codeGenUtils.cc:(.text+0x1784): undefined reference to `SynapseGroup::getOffsetPre[abi:cxx11]() const'
codeGenUtils.cc:(.text+0x1da8): undefined reference to `SynapseGroup::getOffsetPost(std::__cxx11::basic_string<char, std::char_traits<char>, std::allocator<char> > const&) const'
codeGenUtils.cc:(.text+0x2002): undefined reference to `NeuronGroup::isVarQueueRequired(std::__cxx11::basic_string<char, std::char_traits<char>, std::allocator<char> > const&) const'
codeGenUtils.cc:(.text+0x202a): undefined reference to `SynapseGroup::getOffsetPost(std::__cxx11::basic_string<char, std::char_traits<char>, std::allocator<char> > const&) const'
collect2: error: ld returned 1 exit status
Makefile:14: recipe for target 'test' failed
make: *** [test] Error 1
rm -f *.o test
g++  -c -o codeGenUtils.o codeGenUtils.cc -std=c++11 -I "/home/j/jk/jk421/googletest-release-1.8.0/googletest" -isystem "/home/j/jk/jk421/googletest-release-1.8.0/googletest/include" -I "/home/j/jk/jk421/genn/lib/include" -I "/home/j/jk/jk421/genn/userproject/include" -DCPU_ONLY
g++  -c -o /home/j/jk/jk421/genn/lib/src/codeGenUtils.o /home/j/jk/jk421/genn/lib/src/codeGenUtils.cc -std=c++11 -I "/home/j/jk/jk421/googletest-release-1.8.0/googletest" -isystem "/home/j/jk/jk421/googletest-release-1.8.0/googletest/include" -I "/home/j/jk/jk421/genn/lib/include" -I "/home/j/jk/jk421/genn/userproject/include" -DCPU_ONLY
g++ -o test codeGenUtils.o /home/j/jk/jk421/googletest-release-1.8.0/googletest/src/gtest-all.o /home/j/jk/jk421/googletest-release-1.8.0/googletest/src/gtest_main.o /home/j/jk/jk421/genn/lib/src/codeGenUtils.o -std=c++11 -I "/home/j/jk/jk421/googletest-release-1.8.0/googletest" -isystem "/home/j/jk/jk421/googletest-release-1.8.0/googletest/include" -I "/home/j/jk/jk421/genn/lib/include" -I "/home/j/jk/jk421/genn/userproject/include" -DCPU_ONLY -lpthread
/home/j/jk/jk421/genn/lib/src/codeGenUtils.o: In function `checkUnreplacedVariables(std::__cxx11::basic_string<char, std::char_traits<char>, std::allocator<char> > const&, std::__cxx11::basic_string<char, std::char_traits<char>, std::allocator<char> > const&)':
codeGenUtils.cc:(.text+0x11fb): undefined reference to `gennError(std::__cxx11::basic_string<char, std::char_traits<char>, std::allocator<char> > const&)'
/home/j/jk/jk421/genn/lib/src/codeGenUtils.o: In function `neuron_substitutions_in_synaptic_code(std::__cxx11::basic_string<char, std::char_traits<char>, std::allocator<char> >&, SynapseGroup const*, std::__cxx11::basic_string<char, std::char_traits<char>, std::allocator<char> > const&, std::__cxx11::basic_string<char, std::char_traits<char>, std::allocator<char> > const&, std::__cxx11::basic_string<char, std::char_traits<char>, std::allocator<char> > const&)':
codeGenUtils.cc:(.text+0x1524): undefined reference to `SynapseGroup::getOffsetPre[abi:cxx11]() const'
codeGenUtils.cc:(.text+0x1763): undefined reference to `NeuronGroup::isVarQueueRequired(std::__cxx11::basic_string<char, std::char_traits<char>, std::allocator<char> > const&) const'
codeGenUtils.cc:(.text+0x1784): undefined reference to `SynapseGroup::getOffsetPre[abi:cxx11]() const'
codeGenUtils.cc:(.text+0x1da8): undefined reference to `SynapseGroup::getOffsetPost(std::__cxx11::basic_string<char, std::char_traits<char>, std::allocator<char> > const&) const'
codeGenUtils.cc:(.text+0x2002): undefined reference to `NeuronGroup::isVarQueueRequired(std::__cxx11::basic_string<char, std::char_traits<char>, std::allocator<char> > const&) const'
codeGenUtils.cc:(.text+0x202a): undefined reference to `SynapseGroup::getOffsetPost(std::__cxx11::basic_string<char, std::char_traits<char>, std::allocator<char> > const&) const'
collect2: error: ld returned 1 exit status
Makefile:14: recipe for target 'test' failed
make: *** [test] Error 1
rm -f *.o test
g++  -c -o codeGenUtils.o codeGenUtils.cc -std=c++11 -I "/home/j/jk/jk421/googletest-release-1.8.0/googletest" -isystem "/home/j/jk/jk421/googletest-release-1.8.0/googletest/include" -I "/home/j/jk/jk421/genn/lib/include" -I "/home/j/jk/jk421/genn/userproject/include" -DCPU_ONLY
g++ -o test codeGenUtils.o /home/j/jk/jk421/googletest-release-1.8.0/googletest/src/gtest-all.o /home/j/jk/jk421/googletest-release-1.8.0/googletest/src/gtest_main.o /home/j/jk/jk421/genn/lib/src/codeGenUtils.o -std=c++11 -I "/home/j/jk/jk421/googletest-release-1.8.0/googletest" -isystem "/home/j/jk/jk421/googletest-release-1.8.0/googletest/include" -I "/home/j/jk/jk421/genn/lib/include" -I "/home/j/jk/jk421/genn/userproject/include" -DCPU_ONLY -lpthread
/home/j/jk/jk421/genn/lib/src/codeGenUtils.o: In function `checkUnreplacedVariables(std::__cxx11::basic_string<char, std::char_traits<char>, std::allocator<char> > const&, std::__cxx11::basic_string<char, std::char_traits<char>, std::allocator<char> > const&)':
codeGenUtils.cc:(.text+0x11fb): undefined reference to `gennError(std::__cxx11::basic_string<char, std::char_traits<char>, std::allocator<char> > const&)'
/home/j/jk/jk421/genn/lib/src/codeGenUtils.o: In function `neuron_substitutions_in_synaptic_code(std::__cxx11::basic_string<char, std::char_traits<char>, std::allocator<char> >&, SynapseGroup const*, std::__cxx11::basic_string<char, std::char_traits<char>, std::allocator<char> > const&, std::__cxx11::basic_string<char, std::char_traits<char>, std::allocator<char> > const&, std::__cxx11::basic_string<char, std::char_traits<char>, std::allocator<char> > const&)':
codeGenUtils.cc:(.text+0x1524): undefined reference to `SynapseGroup::getOffsetPre[abi:cxx11]() const'
codeGenUtils.cc:(.text+0x1763): undefined reference to `NeuronGroup::isVarQueueRequired(std::__cxx11::basic_string<char, std::char_traits<char>, std::allocator<char> > const&) const'
codeGenUtils.cc:(.text+0x1784): undefined reference to `SynapseGroup::getOffsetPre[abi:cxx11]() const'
codeGenUtils.cc:(.text+0x1da8): undefined reference to `SynapseGroup::getOffsetPost(std::__cxx11::basic_string<char, std::char_traits<char>, std::allocator<char> > const&) const'
codeGenUtils.cc:(.text+0x2002): undefined reference to `NeuronGroup::isVarQueueRequired(std::__cxx11::basic_string<char, std::char_traits<char>, std::allocator<char> > const&) const'
codeGenUtils.cc:(.text+0x202a): undefined reference to `SynapseGroup::getOffsetPost(std::__cxx11::basic_string<char, std::char_traits<char>, std::allocator<char> > const&) const'
collect2: error: ld returned 1 exit status
Makefile:14: recipe for target 'test' failed
make: *** [test] Error 1
rm -f *.o test
g++  -c -o codeGenUtils.o codeGenUtils.cc -std=c++11 -I "/home/j/jk/jk421/googletest-release-1.8.0/googletest" -isystem "/home/j/jk/jk421/googletest-release-1.8.0/googletest/include" -I "/home/j/jk/jk421/genn/lib/include" -I "/home/j/jk/jk421/genn/userproject/include" -DCPU_ONLY
g++ -o test codeGenUtils.o /home/j/jk/jk421/googletest-release-1.8.0/googletest/src/gtest-all.o /home/j/jk/jk421/googletest-release-1.8.0/googletest/src/gtest_main.o /home/j/jk/jk421/genn/lib/src/codeGenUtils.o -std=c++11 -I "/home/j/jk/jk421/googletest-release-1.8.0/googletest" -isystem "/home/j/jk/jk421/googletest-release-1.8.0/googletest/include" -I "/home/j/jk/jk421/genn/lib/include" -I "/home/j/jk/jk421/genn/userproject/include" -DCPU_ONLY -lpthread
/home/j/jk/jk421/genn/lib/src/codeGenUtils.o: In function `checkUnreplacedVariables(std::__cxx11::basic_string<char, std::char_traits<char>, std::allocator<char> > const&, std::__cxx11::basic_string<char, std::char_traits<char>, std::allocator<char> > const&)':
codeGenUtils.cc:(.text+0x11fb): undefined reference to `gennError(std::__cxx11::basic_string<char, std::char_traits<char>, std::allocator<char> > const&)'
/home/j/jk/jk421/genn/lib/src/codeGenUtils.o: In function `neuron_substitutions_in_synaptic_code(std::__cxx11::basic_string<char, std::char_traits<char>, std::allocator<char> >&, SynapseGroup const*, std::__cxx11::basic_string<char, std::char_traits<char>, std::allocator<char> > const&, std::__cxx11::basic_string<char, std::char_traits<char>, std::allocator<char> > const&, std::__cxx11::basic_string<char, std::char_traits<char>, std::allocator<char> > const&)':
codeGenUtils.cc:(.text+0x1524): undefined reference to `SynapseGroup::getOffsetPre[abi:cxx11]() const'
codeGenUtils.cc:(.text+0x1763): undefined reference to `NeuronGroup::isVarQueueRequired(std::__cxx11::basic_string<char, std::char_traits<char>, std::allocator<char> > const&) const'
codeGenUtils.cc:(.text+0x1784): undefined reference to `SynapseGroup::getOffsetPre[abi:cxx11]() const'
codeGenUtils.cc:(.text+0x1da8): undefined reference to `SynapseGroup::getOffsetPost(std::__cxx11::basic_string<char, std::char_traits<char>, std::allocator<char> > const&) const'
codeGenUtils.cc:(.text+0x2002): undefined reference to `NeuronGroup::isVarQueueRequired(std::__cxx11::basic_string<char, std::char_traits<char>, std::allocator<char> > const&) const'
codeGenUtils.cc:(.text+0x202a): undefined reference to `SynapseGroup::getOffsetPost(std::__cxx11::basic_string<char, std::char_traits<char>, std::allocator<char> > const&) const'
collect2: error: ld returned 1 exit status
Makefile:14: recipe for target 'test' failed
make: *** [test] Error 1
rm -f *.o test
g++  -c -o codeGenUtils.o codeGenUtils.cc -std=c++11 -I "/home/j/jk/jk421/googletest-release-1.8.0/googletest" -isystem "/home/j/jk/jk421/googletest-release-1.8.0/googletest/include" -I "/home/j/jk/jk421/genn/lib/include" -I "/home/j/jk/jk421/genn/userproject/include" -DCPU_ONLY
g++ -o test codeGenUtils.o /home/j/jk/jk421/googletest-release-1.8.0/googletest/src/gtest-all.o /home/j/jk/jk421/googletest-release-1.8.0/googletest/src/gtest_main.o /home/j/jk/jk421/genn/lib/src/codeGenUtils.o -std=c++11 -I "/home/j/jk/jk421/googletest-release-1.8.0/googletest" -isystem "/home/j/jk/jk421/googletest-release-1.8.0/googletest/include" -I "/home/j/jk/jk421/genn/lib/include" -I "/home/j/jk/jk421/genn/userproject/include" -DCPU_ONLY -lpthread
/home/j/jk/jk421/genn/lib/src/codeGenUtils.o: In function `checkUnreplacedVariables(std::__cxx11::basic_string<char, std::char_traits<char>, std::allocator<char> > const&, std::__cxx11::basic_string<char, std::char_traits<char>, std::allocator<char> > const&)':
codeGenUtils.cc:(.text+0x11fb): undefined reference to `gennError(std::__cxx11::basic_string<char, std::char_traits<char>, std::allocator<char> > const&)'
/home/j/jk/jk421/genn/lib/src/codeGenUtils.o: In function `neuron_substitutions_in_synaptic_code(std::__cxx11::basic_string<char, std::char_traits<char>, std::allocator<char> >&, SynapseGroup const*, std::__cxx11::basic_string<char, std::char_traits<char>, std::allocator<char> > const&, std::__cxx11::basic_string<char, std::char_traits<char>, std::allocator<char> > const&, std::__cxx11::basic_string<char, std::char_traits<char>, std::allocator<char> > const&)':
codeGenUtils.cc:(.text+0x1524): undefined reference to `SynapseGroup::getOffsetPre[abi:cxx11]() const'
codeGenUtils.cc:(.text+0x1763): undefined reference to `NeuronGroup::isVarQueueRequired(std::__cxx11::basic_string<char, std::char_traits<char>, std::allocator<char> > const&) const'
codeGenUtils.cc:(.text+0x1784): undefined reference to `SynapseGroup::getOffsetPre[abi:cxx11]() const'
codeGenUtils.cc:(.text+0x1da8): undefined reference to `SynapseGroup::getOffsetPost(std::__cxx11::basic_string<char, std::char_traits<char>, std::allocator<char> > const&) const'
codeGenUtils.cc:(.text+0x2002): undefined reference to `NeuronGroup::isVarQueueRequired(std::__cxx11::basic_string<char, std::char_traits<char>, std::allocator<char> > const&) const'
codeGenUtils.cc:(.text+0x202a): undefined reference to `SynapseGroup::getOffsetPost(std::__cxx11::basic_string<char, std::char_traits<char>, std::allocator<char> > const&) const'
collect2: error: ld returned 1 exit status
Makefile:14: recipe for target 'test' failed
make: *** [test] Error 1
rm -f *.o test
g++  -c -o codeGenUtils.o codeGenUtils.cc -std=c++11 -I "/home/j/jk/jk421/googletest-release-1.8.0/googletest" -isystem "/home/j/jk/jk421/googletest-release-1.8.0/googletest/include" -I "/home/j/jk/jk421/genn/lib/include" -I "/home/j/jk/jk421/genn/userproject/include" -DCPU_ONLY
g++ -o test codeGenUtils.o /home/j/jk/jk421/googletest-release-1.8.0/googletest/src/gtest-all.o /home/j/jk/jk421/googletest-release-1.8.0/googletest/src/gtest_main.o /home/j/jk/jk421/genn/lib/src/codeGenUtils.o -std=c++11 -I "/home/j/jk/jk421/googletest-release-1.8.0/googletest" -isystem "/home/j/jk/jk421/googletest-release-1.8.0/googletest/include" -I "/home/j/jk/jk421/genn/lib/include" -I "/home/j/jk/jk421/genn/userproject/include" -DCPU_ONLY -lpthread
/home/j/jk/jk421/genn/lib/src/codeGenUtils.o: In function `checkUnreplacedVariables(std::__cxx11::basic_string<char, std::char_traits<char>, std::allocator<char> > const&, std::__cxx11::basic_string<char, std::char_traits<char>, std::allocator<char> > const&)':
codeGenUtils.cc:(.text+0x11fb): undefined reference to `gennError(std::__cxx11::basic_string<char, std::char_traits<char>, std::allocator<char> > const&)'
/home/j/jk/jk421/genn/lib/src/codeGenUtils.o: In function `neuron_substitutions_in_synaptic_code(std::__cxx11::basic_string<char, std::char_traits<char>, std::allocator<char> >&, SynapseGroup const*, std::__cxx11::basic_string<char, std::char_traits<char>, std::allocator<char> > const&, std::__cxx11::basic_string<char, std::char_traits<char>, std::allocator<char> > const&, std::__cxx11::basic_string<char, std::char_traits<char>, std::allocator<char> > const&)':
codeGenUtils.cc:(.text+0x1524): undefined reference to `SynapseGroup::getOffsetPre[abi:cxx11]() const'
codeGenUtils.cc:(.text+0x1763): undefined reference to `NeuronGroup::isVarQueueRequired(std::__cxx11::basic_string<char, std::char_traits<char>, std::allocator<char> > const&) const'
codeGenUtils.cc:(.text+0x1784): undefined reference to `SynapseGroup::getOffsetPre[abi:cxx11]() const'
codeGenUtils.cc:(.text+0x1da8): undefined reference to `SynapseGroup::getOffsetPost(std::__cxx11::basic_string<char, std::char_traits<char>, std::allocator<char> > const&) const'
codeGenUtils.cc:(.text+0x2002): undefined reference to `NeuronGroup::isVarQueueRequired(std::__cxx11::basic_string<char, std::char_traits<char>, std::allocator<char> > const&) const'
codeGenUtils.cc:(.text+0x202a): undefined reference to `SynapseGroup::getOffsetPost(std::__cxx11::basic_string<char, std::char_traits<char>, std::allocator<char> > const&) const'
collect2: error: ld returned 1 exit status
Makefile:14: recipe for target 'test' failed
make: *** [test] Error 1
rm -f *.o test
g++  -c -o codeGenUtils.o codeGenUtils.cc -std=c++11 -I "/home/j/jk/jk421/googletest-release-1.8.0/googletest" -isystem "/home/j/jk/jk421/googletest-release-1.8.0/googletest/include" -I "/home/j/jk/jk421/genn/lib/include" -I "/home/j/jk/jk421/genn/userproject/include" -DCPU_ONLY
g++ -o test codeGenUtils.o /home/j/jk/jk421/googletest-release-1.8.0/googletest/src/gtest-all.o /home/j/jk/jk421/googletest-release-1.8.0/googletest/src/gtest_main.o /home/j/jk/jk421/genn/lib/src/codeGenUtils.o -std=c++11 -I "/home/j/jk/jk421/googletest-release-1.8.0/googletest" -isystem "/home/j/jk/jk421/googletest-release-1.8.0/googletest/include" -I "/home/j/jk/jk421/genn/lib/include" -I "/home/j/jk/jk421/genn/userproject/include" -DCPU_ONLY -lpthread
/home/j/jk/jk421/genn/lib/src/codeGenUtils.o: In function `checkUnreplacedVariables(std::__cxx11::basic_string<char, std::char_traits<char>, std::allocator<char> > const&, std::__cxx11::basic_string<char, std::char_traits<char>, std::allocator<char> > const&)':
codeGenUtils.cc:(.text+0x11fb): undefined reference to `gennError(std::__cxx11::basic_string<char, std::char_traits<char>, std::allocator<char> > const&)'
/home/j/jk/jk421/genn/lib/src/codeGenUtils.o: In function `neuron_substitutions_in_synaptic_code(std::__cxx11::basic_string<char, std::char_traits<char>, std::allocator<char> >&, SynapseGroup const*, std::__cxx11::basic_string<char, std::char_traits<char>, std::allocator<char> > const&, std::__cxx11::basic_string<char, std::char_traits<char>, std::allocator<char> > const&, std::__cxx11::basic_string<char, std::char_traits<char>, std::allocator<char> > const&)':
codeGenUtils.cc:(.text+0x1524): undefined reference to `SynapseGroup::getOffsetPre[abi:cxx11]() const'
codeGenUtils.cc:(.text+0x1763): undefined reference to `NeuronGroup::isVarQueueRequired(std::__cxx11::basic_string<char, std::char_traits<char>, std::allocator<char> > const&) const'
codeGenUtils.cc:(.text+0x1784): undefined reference to `SynapseGroup::getOffsetPre[abi:cxx11]() const'
codeGenUtils.cc:(.text+0x1da8): undefined reference to `SynapseGroup::getOffsetPost(std::__cxx11::basic_string<char, std::char_traits<char>, std::allocator<char> > const&) const'
codeGenUtils.cc:(.text+0x2002): undefined reference to `NeuronGroup::isVarQueueRequired(std::__cxx11::basic_string<char, std::char_traits<char>, std::allocator<char> > const&) const'
codeGenUtils.cc:(.text+0x202a): undefined reference to `SynapseGroup::getOffsetPost(std::__cxx11::basic_string<char, std::char_traits<char>, std::allocator<char> > const&) const'
collect2: error: ld returned 1 exit status
Makefile:14: recipe for target 'test' failed
make: *** [test] Error 1
rm -f *.o test
g++  -c -o codeGenUtils.o codeGenUtils.cc -std=c++11 -I "/home/j/jk/jk421/googletest-release-1.8.0/googletest" -isystem "/home/j/jk/jk421/googletest-release-1.8.0/googletest/include" -I "/home/j/jk/jk421/genn/lib/include" -I "/home/j/jk/jk421/genn/userproject/include" -DCPU_ONLY
g++  -c -o /home/j/jk/jk421/genn/lib/src/codeGenUtils.o /home/j/jk/jk421/genn/lib/src/codeGenUtils.cc -std=c++11 -I "/home/j/jk/jk421/googletest-release-1.8.0/googletest" -isystem "/home/j/jk/jk421/googletest-release-1.8.0/googletest/include" -I "/home/j/jk/jk421/genn/lib/include" -I "/home/j/jk/jk421/genn/userproject/include" -DCPU_ONLY
g++ -o test codeGenUtils.o /home/j/jk/jk421/googletest-release-1.8.0/googletest/src/gtest-all.o /home/j/jk/jk421/googletest-release-1.8.0/googletest/src/gtest_main.o /home/j/jk/jk421/genn/lib/src/codeGenUtils.o -std=c++11 -I "/home/j/jk/jk421/googletest-release-1.8.0/googletest" -isystem "/home/j/jk/jk421/googletest-release-1.8.0/googletest/include" -I "/home/j/jk/jk421/genn/lib/include" -I "/home/j/jk/jk421/genn/userproject/include" -DCPU_ONLY -lpthread
/home/j/jk/jk421/genn/lib/src/codeGenUtils.o: In function `checkUnreplacedVariables(std::__cxx11::basic_string<char, std::char_traits<char>, std::allocator<char> > const&, std::__cxx11::basic_string<char, std::char_traits<char>, std::allocator<char> > const&)':
codeGenUtils.cc:(.text+0x11fb): undefined reference to `gennError(std::__cxx11::basic_string<char, std::char_traits<char>, std::allocator<char> > const&)'
/home/j/jk/jk421/genn/lib/src/codeGenUtils.o: In function `neuron_substitutions_in_synaptic_code(std::__cxx11::basic_string<char, std::char_traits<char>, std::allocator<char> >&, SynapseGroup const&, std::__cxx11::basic_string<char, std::char_traits<char>, std::allocator<char> > const&, std::__cxx11::basic_string<char, std::char_traits<char>, std::allocator<char> > const&, std::__cxx11::basic_string<char, std::char_traits<char>, std::allocator<char> > const&)':
codeGenUtils.cc:(.text+0x1524): undefined reference to `SynapseGroup::getOffsetPre[abi:cxx11]() const'
codeGenUtils.cc:(.text+0x1763): undefined reference to `NeuronGroup::isVarQueueRequired(std::__cxx11::basic_string<char, std::char_traits<char>, std::allocator<char> > const&) const'
codeGenUtils.cc:(.text+0x1784): undefined reference to `SynapseGroup::getOffsetPre[abi:cxx11]() const'
codeGenUtils.cc:(.text+0x1da8): undefined reference to `SynapseGroup::getOffsetPost(std::__cxx11::basic_string<char, std::char_traits<char>, std::allocator<char> > const&) const'
codeGenUtils.cc:(.text+0x2002): undefined reference to `NeuronGroup::isVarQueueRequired(std::__cxx11::basic_string<char, std::char_traits<char>, std::allocator<char> > const&) const'
codeGenUtils.cc:(.text+0x202a): undefined reference to `SynapseGroup::getOffsetPost(std::__cxx11::basic_string<char, std::char_traits<char>, std::allocator<char> > const&) const'
collect2: error: ld returned 1 exit status
Makefile:14: recipe for target 'test' failed
make: *** [test] Error 1
rm -f *.o test
g++  -c -o codeGenUtils.o codeGenUtils.cc -std=c++11 -I "/home/j/jk/jk421/googletest-release-1.8.0/googletest" -isystem "/home/j/jk/jk421/googletest-release-1.8.0/googletest/include" -I "/home/j/jk/jk421/genn/lib/include" -I "/home/j/jk/jk421/genn/userproject/include" -DCPU_ONLY
g++  -c -o /home/j/jk/jk421/genn/lib/src/codeGenUtils.o /home/j/jk/jk421/genn/lib/src/codeGenUtils.cc -std=c++11 -I "/home/j/jk/jk421/googletest-release-1.8.0/googletest" -isystem "/home/j/jk/jk421/googletest-release-1.8.0/googletest/include" -I "/home/j/jk/jk421/genn/lib/include" -I "/home/j/jk/jk421/genn/userproject/include" -DCPU_ONLY
g++ -o test codeGenUtils.o /home/j/jk/jk421/googletest-release-1.8.0/googletest/src/gtest-all.o /home/j/jk/jk421/googletest-release-1.8.0/googletest/src/gtest_main.o /home/j/jk/jk421/genn/lib/src/codeGenUtils.o -std=c++11 -I "/home/j/jk/jk421/googletest-release-1.8.0/googletest" -isystem "/home/j/jk/jk421/googletest-release-1.8.0/googletest/include" -I "/home/j/jk/jk421/genn/lib/include" -I "/home/j/jk/jk421/genn/userproject/include" -DCPU_ONLY -lpthread
/home/j/jk/jk421/genn/lib/src/codeGenUtils.o: In function `checkUnreplacedVariables(std::__cxx11::basic_string<char, std::char_traits<char>, std::allocator<char> > const&, std::__cxx11::basic_string<char, std::char_traits<char>, std::allocator<char> > const&)':
codeGenUtils.cc:(.text+0x1af2): undefined reference to `gennError(std::__cxx11::basic_string<char, std::char_traits<char>, std::allocator<char> > const&)'
/home/j/jk/jk421/genn/lib/src/codeGenUtils.o: In function `neuron_substitutions_in_synaptic_code(std::__cxx11::basic_string<char, std::char_traits<char>, std::allocator<char> >&, SynapseGroup const*, std::__cxx11::basic_string<char, std::char_traits<char>, std::allocator<char> > const&, std::__cxx11::basic_string<char, std::char_traits<char>, std::allocator<char> > const&, std::__cxx11::basic_string<char, std::char_traits<char>, std::allocator<char> > const&)':
codeGenUtils.cc:(.text+0x1e1b): undefined reference to `SynapseGroup::getOffsetPre[abi:cxx11]() const'
codeGenUtils.cc:(.text+0x205a): undefined reference to `NeuronGroup::isVarQueueRequired(std::__cxx11::basic_string<char, std::char_traits<char>, std::allocator<char> > const&) const'
codeGenUtils.cc:(.text+0x207b): undefined reference to `SynapseGroup::getOffsetPre[abi:cxx11]() const'
codeGenUtils.cc:(.text+0x269f): undefined reference to `SynapseGroup::getOffsetPost(std::__cxx11::basic_string<char, std::char_traits<char>, std::allocator<char> > const&) const'
codeGenUtils.cc:(.text+0x28f9): undefined reference to `NeuronGroup::isVarQueueRequired(std::__cxx11::basic_string<char, std::char_traits<char>, std::allocator<char> > const&) const'
codeGenUtils.cc:(.text+0x2921): undefined reference to `SynapseGroup::getOffsetPost(std::__cxx11::basic_string<char, std::char_traits<char>, std::allocator<char> > const&) const'
collect2: error: ld returned 1 exit status
Makefile:14: recipe for target 'test' failed
make: *** [test] Error 1
rm -f *.o test
g++  -c -o codeGenUtils.o codeGenUtils.cc -std=c++11 -I "/home/j/jk/jk421/googletest-release-1.8.0/googletest" -isystem "/home/j/jk/jk421/googletest-release-1.8.0/googletest/include" -I "/home/j/jk/jk421/genn/lib/include" -I "/home/j/jk/jk421/genn/userproject/include" -DCPU_ONLY
g++  -c -o /home/j/jk/jk421/genn/lib/src/codeGenUtils.o /home/j/jk/jk421/genn/lib/src/codeGenUtils.cc -std=c++11 -I "/home/j/jk/jk421/googletest-release-1.8.0/googletest" -isystem "/home/j/jk/jk421/googletest-release-1.8.0/googletest/include" -I "/home/j/jk/jk421/genn/lib/include" -I "/home/j/jk/jk421/genn/userproject/include" -DCPU_ONLY
g++ -o test codeGenUtils.o /home/j/jk/jk421/googletest-release-1.8.0/googletest/src/gtest-all.o /home/j/jk/jk421/googletest-release-1.8.0/googletest/src/gtest_main.o /home/j/jk/jk421/genn/lib/src/codeGenUtils.o -std=c++11 -I "/home/j/jk/jk421/googletest-release-1.8.0/googletest" -isystem "/home/j/jk/jk421/googletest-release-1.8.0/googletest/include" -I "/home/j/jk/jk421/genn/lib/include" -I "/home/j/jk/jk421/genn/userproject/include" -DCPU_ONLY -lpthread
/home/j/jk/jk421/genn/lib/src/codeGenUtils.o: In function `checkUnreplacedVariables(std::__cxx11::basic_string<char, std::char_traits<char>, std::allocator<char> > const&, std::__cxx11::basic_string<char, std::char_traits<char>, std::allocator<char> > const&)':
codeGenUtils.cc:(.text+0x1af2): undefined reference to `gennError(std::__cxx11::basic_string<char, std::char_traits<char>, std::allocator<char> > const&)'
/home/j/jk/jk421/genn/lib/src/codeGenUtils.o: In function `neuron_substitutions_in_synaptic_code(std::__cxx11::basic_string<char, std::char_traits<char>, std::allocator<char> >&, SynapseGroup const*, std::__cxx11::basic_string<char, std::char_traits<char>, std::allocator<char> > const&, std::__cxx11::basic_string<char, std::char_traits<char>, std::allocator<char> > const&, std::__cxx11::basic_string<char, std::char_traits<char>, std::allocator<char> > const&)':
codeGenUtils.cc:(.text+0x1e1b): undefined reference to `SynapseGroup::getOffsetPre[abi:cxx11]() const'
codeGenUtils.cc:(.text+0x205a): undefined reference to `NeuronGroup::isVarQueueRequired(std::__cxx11::basic_string<char, std::char_traits<char>, std::allocator<char> > const&) const'
codeGenUtils.cc:(.text+0x207b): undefined reference to `SynapseGroup::getOffsetPre[abi:cxx11]() const'
codeGenUtils.cc:(.text+0x269f): undefined reference to `SynapseGroup::getOffsetPost(std::__cxx11::basic_string<char, std::char_traits<char>, std::allocator<char> > const&) const'
codeGenUtils.cc:(.text+0x28f9): undefined reference to `NeuronGroup::isVarQueueRequired(std::__cxx11::basic_string<char, std::char_traits<char>, std::allocator<char> > const&) const'
codeGenUtils.cc:(.text+0x2921): undefined reference to `SynapseGroup::getOffsetPost(std::__cxx11::basic_string<char, std::char_traits<char>, std::allocator<char> > const&) const'
collect2: error: ld returned 1 exit status
Makefile:14: recipe for target 'test' failed
make: *** [test] Error 1
